*** Using Compiler 'V5.06 update 5 (build 528)', folder: 'E:\Keil5 MDK\ARM\ARMCC\Bin'
Build target 'XRC-AUX'
compiling mixer.c...
compiling usb.c...
compiling sbus.c...
compiling main.c...
compiling ppm.c...
compiling desk.c...
compiling crsf.c...
compiling tool.c...
compiling data.c...
compiling setup.c...
compiling channel.c...
compiling Xui.c...
compiling output.c...
compiling logic.c...
compiling input.c...
compiling system.c...
compiling triangle.c...
compiling timer.c...
compiling spi.c...
compiling model.c...
compiling usart3.c...
compiling delay.c...
compiling dma.c...
compiling gpio.c...
compiling stmflash.c...
compiling hud2.c...
compiling ips.c...
compiling adc.c...
compiling hud.c...
compiling pwm.c...
assembling startup_stm32f10x_hd.s...
compiling mpu6050.c...
compiling core_cm3.c...
compiling stm32f10x_it.c...
compiling system_stm32f10x.c...
compiling usart.c...
compiling stm32f10x_gpio.c...
compiling misc.c...
compiling stm32f10x_usart.c...
compiling sys.c...
compiling stm32f10x_spi.c...
compiling stm32f10x_adc.c...
compiling stm32f10x_tim.c...
compiling stm32f10x_dma.c...
compiling stm32f10x_flash.c...
compiling stm32f10x_rcc.c...
compiling usb_hw.c...
compiling usbuser.c...
compiling usbdesc.c...
compiling usbcore.c...
compiling mavlink.c...
compiling mavlink_usart_fifo.c...
compiling open_tel_mavlink.c...
linking...
Program Size: Code=122404 RO-data=25536 RW-data=900 ZI-data=19460  
FromELF: creating hex file...
"..\OBJ\XRC-AUX.axf" - 0 Error(s), 0 Warning(s).
Build Time Elapsed:  00:00:05
